#! /opt/homebrew/Cellar/icarus-verilog/12.0/bin/vvp
:ivl_version "12.0 (stable)";
:ivl_delay_selection "TYPICAL";
:vpi_time_precision - 12;
:vpi_module "/opt/homebrew/Cellar/icarus-verilog/12.0/lib/ivl/system.vpi";
:vpi_module "/opt/homebrew/Cellar/icarus-verilog/12.0/lib/ivl/vhdl_sys.vpi";
:vpi_module "/opt/homebrew/Cellar/icarus-verilog/12.0/lib/ivl/vhdl_textio.vpi";
:vpi_module "/opt/homebrew/Cellar/icarus-verilog/12.0/lib/ivl/v2005_math.vpi";
:vpi_module "/opt/homebrew/Cellar/icarus-verilog/12.0/lib/ivl/va_math.vpi";
S_0x13bf07c20 .scope module, "firstcode_tb" "firstcode_tb" 2 3;
 .timescale -9 -12;
v0x13d014300_0 .var "a", 0 0;
v0x13d0143c0_0 .var "b", 0 0;
v0x13d014470_0 .net "out", 0 0, L_0x13d014540;  1 drivers
S_0x13bf056f0 .scope module, "dut" "firstcode" 2 11, 3 2 0, S_0x13bf07c20;
 .timescale -9 -12;
    .port_info 0 /INPUT 1 "a";
    .port_info 1 /INPUT 1 "b";
    .port_info 2 /OUTPUT 1 "out";
L_0x13d014540 .functor AND 1, v0x13d014300_0, v0x13d0143c0_0, C4<1>, C4<1>;
v0x13bf07d90_0 .net "a", 0 0, v0x13d014300_0;  1 drivers
v0x13d014150_0 .net "b", 0 0, v0x13d0143c0_0;  1 drivers
v0x13d014200_0 .net "out", 0 0, L_0x13d014540;  alias, 1 drivers
    .scope S_0x13bf07c20;
T_0 ;
    %vpi_call 2 19 "$monitor", "Time=%0t | a=%b b=%b -> out=%b", $time, v0x13d014300_0, v0x13d0143c0_0, v0x13d014470_0 {0 0 0};
    %pushi/vec4 0, 0, 1;
    %store/vec4 v0x13d014300_0, 0, 1;
    %pushi/vec4 0, 0, 1;
    %store/vec4 v0x13d0143c0_0, 0, 1;
    %delay 10000, 0;
    %pushi/vec4 0, 0, 1;
    %store/vec4 v0x13d014300_0, 0, 1;
    %pushi/vec4 1, 0, 1;
    %store/vec4 v0x13d0143c0_0, 0, 1;
    %delay 10000, 0;
    %pushi/vec4 1, 0, 1;
    %store/vec4 v0x13d014300_0, 0, 1;
    %pushi/vec4 0, 0, 1;
    %store/vec4 v0x13d0143c0_0, 0, 1;
    %delay 10000, 0;
    %pushi/vec4 1, 0, 1;
    %store/vec4 v0x13d014300_0, 0, 1;
    %pushi/vec4 1, 0, 1;
    %store/vec4 v0x13d0143c0_0, 0, 1;
    %delay 10000, 0;
    %vpi_call 2 28 "$finish" {0 0 0};
    %end;
    .thread T_0;
    .scope S_0x13bf07c20;
T_1 ;
    %vpi_call 2 32 "$dumpfile", "wave.vcd" {0 0 0};
    %vpi_call 2 33 "$dumpvars", 32'sb00000000000000000000000000000000, S_0x13bf07c20 {0 0 0};
    %end;
    .thread T_1;
# The file index is used to find the file name in the following table.
:file_names 4;
    "N/A";
    "<interactive>";
    "testbench.v";
    "firstcode.v";
